<?xml version="1.0" encoding="UTF-8"?>
<!-- Generated by org.testng.reporters.JUnitXMLReporter -->
<testsuite hostname="Salmans-PC" name="sample test" tests="17" failures="4" timestamp="20 Mar 2016 09:58:58 GMT" time="698.575" errors="0">
  <testcase name="popUpClose" time="0.155" classname="com.nk.tests.SearchPageTest"/>
  <testcase name="verifySearchSection" time="0.321" classname="com.nk.tests.SearchPageTest"/>
  <testcase name="verifySearchByLocationField" time="46.127" classname="com.nk.tests.SearchPageTest"/>
  <testcase name="verifySearchByExperienceField" time="99.905" classname="com.nk.tests.SearchPageTest"/>
  <testcase name="verifySearchBySkill" time="129.082" classname="com.nk.tests.SearchPageTest"/>
  <testcase name="verifySearchResultsPage" time="1.71" classname="com.nk.tests.SearchPageTest"/>
  <testcase name="verifyRefineResultsSection" time="1.229" classname="com.nk.tests.SearchPageTest"/>
  <testcase name="verifySearchListingViewResults" time="8.475" classname="com.nk.tests.SearchPageTest"/>
  <testcase name="verifySearchDetailedViewResults" time="8.674" classname="com.nk.tests.SearchPageTest"/>
  <testcase name="verifySearchResultsSection" time="0.745" classname="com.nk.tests.SearchPageTest"/>
  <testcase name="verifyRefineByFreshness" time="125.558" classname="com.nk.tests.SearchPageTest"/>
  <testcase name="verifySearchByLocationSection" time="12.717" classname="com.nk.tests.SearchPageTest">
    <failure type="java.lang.StringIndexOutOfBoundsException" message="String index out of range: 8">
      <![CDATA[java.lang.StringIndexOutOfBoundsException: String index out of range: 8
	at java.lang.String.substring(String.java:1907)
	at com.nk.pages.SearchResultPage.getLocationBangaloreSelected(SearchResultPage.java:1458)
	at com.nk.tests.SearchPageTest.verifySearchByLocationSection(SearchPageTest.java:198)
... Removed 30 stack frames]]>
    </failure>
  </testcase> <!-- verifySearchByLocationSection -->
  <testcase name="verifyRefineByLocationPopUp" time="41.997" classname="com.nk.tests.SearchPageTest">
    <failure type="java.lang.AssertionError" message="Location Displayed does not match with the location selected expected [true] but found [false]">
      <![CDATA[java.lang.AssertionError: Location Displayed does not match with the location selected expected [true] but found [false]
	at com.nk.pages.SearchResultPage.verifyDisplayedJobLocations(SearchResultPage.java:2030)
	at com.nk.tests.SearchPageTest.verifyRefineByLocationPopUp(SearchPageTest.java:184)
... Removed 33 stack frames]]>
    </failure>
  </testcase> <!-- verifyRefineByLocationPopUp -->
  <testcase name="verifyRefineByIndustryType" time="154.463" classname="com.nk.tests.SearchPageTest"/>
  <testcase name="verifyRefineByIndustryPopUp" time="3.747" classname="com.nk.tests.SearchPageTest">
    <failure type="java.lang.AssertionError" message="The PopUp Titles doesnot match expected [Industry] but found []">
      <![CDATA[java.lang.AssertionError: The PopUp Titles doesnot match expected [Industry] but found []
	at com.nk.pages.SearchResultPage.verifyPopUpHeaderTitle(SearchResultPage.java:811)
	at com.nk.tests.SearchPageTest.verifyRefineByIndustryPopUp(SearchPageTest.java:117)
... Removed 34 stack frames]]>
    </failure>
  </testcase> <!-- verifyRefineByIndustryPopUp -->
  <testcase name="verifyRefineByEducation" time="26.514" classname="com.nk.tests.SearchPageTest"/>
  <testcase name="verifyRefineByEducationPopUp" time="4.248" classname="com.nk.tests.SearchPageTest">
    <failure type="java.lang.AssertionError" message="The PopUp Titles doesnot match expected [Education] but found []">
      <![CDATA[java.lang.AssertionError: The PopUp Titles doesnot match expected [Education] but found []
	at com.nk.pages.SearchResultPage.verifyPopUpHeaderTitle(SearchResultPage.java:811)
	at com.nk.tests.SearchPageTest.verifyRefineByEducationPopUp(SearchPageTest.java:143)
... Removed 34 stack frames]]>
    </failure>
  </testcase> <!-- verifyRefineByEducationPopUp -->
</testsuite> <!-- sample test -->
