<?xml version="1.0" encoding="UTF-8"?>
<!-- Generated by org.testng.reporters.JUnitXMLReporter -->
<testsuite hostname="Salmans-PC" name="sample test" tests="17" failures="16" timestamp="8 Feb 2020 13:45:12 GMT" time="138.133" errors="0">
  <testcase name="popUpClose" time="0.47" classname="com.nk.tests.SearchPageTest"/>
  <testcase name="verifySearchSection" time="0.224" classname="com.nk.tests.SearchPageTest">
    <failure type="java.lang.AssertionError" message="Skills Textbox is Missing expected [true] but found [false]">
      <![CDATA[java.lang.AssertionError: Skills Textbox is Missing expected [true] but found [false]
	at com.nk.pages.HomePage.verifySkillTextBox(HomePage.java:469)
	at com.nk.tests.SearchPageTest.verifySearchSection(SearchPageTest.java:28)
... Removed 27 stack frames]]>
    </failure>
  </testcase> <!-- verifySearchSection -->
  <testcase name="verifySearchByLocationField" time="0.072" classname="com.nk.tests.SearchPageTest">
    <failure type="java.lang.AssertionError" message="Location Textbox is Not Dispalyed expected [true] but found [false]">
      <![CDATA[java.lang.AssertionError: Location Textbox is Not Dispalyed expected [true] but found [false]
	at com.nk.pages.HomePage.verifyLocationTextBox(HomePage.java:513)
	at com.nk.pages.HomePage.enterLocation(HomePage.java:534)
	at com.nk.tests.SearchPageTest.verifySearchByLocationField(SearchPageTest.java:49)
... Removed 27 stack frames]]>
    </failure>
  </testcase> <!-- verifySearchByLocationField -->
  <testcase name="verifySearchByExperienceField" time="0.107" classname="com.nk.tests.SearchPageTest">
    <failure type="java.lang.AssertionError" message="Skills Textbox is Missing expected [true] but found [false]">
      <![CDATA[java.lang.AssertionError: Skills Textbox is Missing expected [true] but found [false]
	at com.nk.pages.HomePage.verifySkillTextBox(HomePage.java:469)
	at com.nk.pages.HomePage.enterSkillEntry(HomePage.java:490)
	at com.nk.tests.SearchPageTest.verifySearchByExperienceField(SearchPageTest.java:62)
... Removed 27 stack frames]]>
    </failure>
  </testcase> <!-- verifySearchByExperienceField -->
  <testcase name="verifySearchBySkill" time="0.113" classname="com.nk.tests.SearchPageTest">
    <failure type="java.lang.AssertionError" message="Skills Textbox is Missing expected [true] but found [false]">
      <![CDATA[java.lang.AssertionError: Skills Textbox is Missing expected [true] but found [false]
	at com.nk.pages.HomePage.verifySkillTextBox(HomePage.java:469)
	at com.nk.pages.HomePage.enterSkillEntry(HomePage.java:490)
	at com.nk.tests.SearchPageTest.verifySearchBySkill(SearchPageTest.java:39)
... Removed 27 stack frames]]>
    </failure>
  </testcase> <!-- verifySearchBySkill -->
  <testcase name="verifySearchResultsPage" time="0.193" classname="com.nk.tests.SearchPageTest">
    <failure type="java.lang.AssertionError" message="Expected Header Icons are not displayed expected [true] but found [false]">
      <![CDATA[java.lang.AssertionError: Expected Header Icons are not displayed expected [true] but found [false]
	at com.nk.pages.SearchResultPage.verifyHeaderIcons(SearchResultPage.java:157)
	at com.nk.tests.SearchPageTest.verifySearchResultsPage(SearchPageTest.java:208)
... Removed 27 stack frames]]>
    </failure>
  </testcase> <!-- verifySearchResultsPage -->
  <testcase name="verifyRefineResultsSection" time="10.102" classname="com.nk.tests.SearchPageTest">
    <failure type="java.lang.AssertionError" message="Location Section is not displayed expected [true] but found [false]">
      <![CDATA[java.lang.AssertionError: Location Section is not displayed expected [true] but found [false]
	at com.nk.pages.SearchResultPage.verifyLocationSection(SearchResultPage.java:360)
	at com.nk.tests.SearchPageTest.verifyRefineResultsSection(SearchPageTest.java:229)
... Removed 27 stack frames]]>
    </failure>
  </testcase> <!-- verifyRefineResultsSection -->
  <testcase name="verifySearchListingViewResults" time="10.138" classname="com.nk.tests.SearchPageTest">
    <failure type="java.lang.AssertionError" message="ListView Icon is not displayed expected [true] but found [false]">
      <![CDATA[java.lang.AssertionError: ListView Icon is not displayed expected [true] but found [false]
	at com.nk.pages.SearchResultPage.verifyListViewIcon(SearchResultPage.java:862)
	at com.nk.pages.SearchResultPage.clickOnListViewIcon(SearchResultPage.java:1707)
	at com.nk.tests.SearchPageTest.verifySearchListingViewResults(SearchPageTest.java:270)
... Removed 27 stack frames]]>
    </failure>
  </testcase> <!-- verifySearchListingViewResults -->
  <testcase name="verifySearchDetailedViewResults" time="10.076" classname="com.nk.tests.SearchPageTest">
    <failure type="java.lang.AssertionError" message="DetailedView Icon is not displayed expected [true] but found [false]">
      <![CDATA[java.lang.AssertionError: DetailedView Icon is not displayed expected [true] but found [false]
	at com.nk.pages.SearchResultPage.verifyDetailedViewIcon(SearchResultPage.java:852)
	at com.nk.pages.SearchResultPage.clickOnDetailedViewIcon(SearchResultPage.java:1671)
	at com.nk.tests.SearchPageTest.verifySearchDetailedViewResults(SearchPageTest.java:256)
... Removed 27 stack frames]]>
    </failure>
  </testcase> <!-- verifySearchDetailedViewResults -->
  <testcase name="verifySearchResultsSection" time="10.175" classname="com.nk.tests.SearchPageTest">
    <failure type="java.lang.AssertionError" message="Job Count is not displayed expected [true] but found [false]">
      <![CDATA[java.lang.AssertionError: Job Count is not displayed expected [true] but found [false]
	at com.nk.pages.SearchResultPage.verifyJobCount(SearchResultPage.java:822)
	at com.nk.tests.SearchPageTest.verifySearchResultsSection(SearchPageTest.java:242)
... Removed 27 stack frames]]>
    </failure>
  </testcase> <!-- verifySearchResultsSection -->
  <testcase name="verifyRefineByFreshness" time="10.13" classname="com.nk.tests.SearchPageTest">
    <failure type="java.lang.AssertionError" message="Fressness Arrow is not displayed expected [true] but found [false]">
      <![CDATA[java.lang.AssertionError: Fressness Arrow is not displayed expected [true] but found [false]
	at com.nk.pages.SearchResultPage.verifyFressnessArrow(SearchResultPage.java:410)
	at com.nk.pages.SearchResultPage.clickOnFreshnessArrow(SearchResultPage.java:1307)
	at com.nk.tests.SearchPageTest.verifyRefineByFreshness(SearchPageTest.java:164)
... Removed 27 stack frames]]>
    </failure>
  </testcase> <!-- verifyRefineByFreshness -->
  <testcase name="verifySearchByLocationSection" time="10.047" classname="com.nk.tests.SearchPageTest">
    <failure type="java.lang.AssertionError" message="Location Section is not displayed expected [true] but found [false]">
      <![CDATA[java.lang.AssertionError: Location Section is not displayed expected [true] but found [false]
	at com.nk.pages.SearchResultPage.verifyLocationSection(SearchResultPage.java:360)
	at com.nk.pages.SearchResultPage.clickOnLocation(SearchResultPage.java:1344)
	at com.nk.tests.SearchPageTest.verifySearchByLocationSection(SearchPageTest.java:195)
... Removed 27 stack frames]]>
    </failure>
  </testcase> <!-- verifySearchByLocationSection -->
  <testcase name="verifyRefineByLocationPopUp" time="10.156" classname="com.nk.tests.SearchPageTest">
    <failure type="java.lang.AssertionError" message="Location dropdown is not displayed expected [true] but found [false]">
      <![CDATA[java.lang.AssertionError: Location dropdown is not displayed expected [true] but found [false]
	at com.nk.pages.SearchResultPage.verifyLocationDropdown(SearchResultPage.java:467)
	at com.nk.tests.SearchPageTest.verifyRefineByLocationPopUp(SearchPageTest.java:176)
... Removed 27 stack frames]]>
    </failure>
  </testcase> <!-- verifyRefineByLocationPopUp -->
  <testcase name="verifyRefineByIndustryType" time="10.125" classname="com.nk.tests.SearchPageTest">
    <failure type="java.lang.AssertionError" message="Industry Section is not displayed expected [true] but found [false]">
      <![CDATA[java.lang.AssertionError: Industry Section is not displayed expected [true] but found [false]
	at com.nk.pages.SearchResultPage.verifyIndustrySection(SearchResultPage.java:370)
	at com.nk.pages.SearchResultPage.clickOnIndustry(SearchResultPage.java:1470)
	at com.nk.tests.SearchPageTest.verifyRefineByIndustryType(SearchPageTest.java:91)
... Removed 27 stack frames]]>
    </failure>
  </testcase> <!-- verifyRefineByIndustryType -->
  <testcase name="verifyRefineByIndustryPopUp" time="10.048" classname="com.nk.tests.SearchPageTest">
    <failure type="java.lang.AssertionError" message="Industry Section is not displayed expected [true] but found [false]">
      <![CDATA[java.lang.AssertionError: Industry Section is not displayed expected [true] but found [false]
	at com.nk.pages.SearchResultPage.verifyIndustrySection(SearchResultPage.java:370)
	at com.nk.pages.SearchResultPage.clickOnIndustry(SearchResultPage.java:1470)
	at com.nk.tests.SearchPageTest.verifyRefineByIndustryPopUp(SearchPageTest.java:110)
... Removed 27 stack frames]]>
    </failure>
  </testcase> <!-- verifyRefineByIndustryPopUp -->
  <testcase name="verifyRefineByEducation" time="10.109" classname="com.nk.tests.SearchPageTest">
    <failure type="java.lang.AssertionError" message="Education Section is not displayed expected [true] but found [false]">
      <![CDATA[java.lang.AssertionError: Education Section is not displayed expected [true] but found [false]
	at com.nk.pages.SearchResultPage.verifyEducationSection(SearchResultPage.java:390)
	at com.nk.pages.SearchResultPage.clickOnEducation(SearchResultPage.java:1561)
	at com.nk.tests.SearchPageTest.verifyRefineByEducation(SearchPageTest.java:73)
... Removed 27 stack frames]]>
    </failure>
  </testcase> <!-- verifyRefineByEducation -->
  <testcase name="verifyRefineByEducationPopUp" time="10.032" classname="com.nk.tests.SearchPageTest">
    <failure type="java.lang.AssertionError" message="Education Section is not displayed expected [true] but found [false]">
      <![CDATA[java.lang.AssertionError: Education Section is not displayed expected [true] but found [false]
	at com.nk.pages.SearchResultPage.verifyEducationSection(SearchResultPage.java:390)
	at com.nk.pages.SearchResultPage.clickOnEducation(SearchResultPage.java:1561)
	at com.nk.tests.SearchPageTest.verifyRefineByEducationPopUp(SearchPageTest.java:138)
... Removed 27 stack frames]]>
    </failure>
  </testcase> <!-- verifyRefineByEducationPopUp -->
</testsuite> <!-- sample test -->
