<?xml version="1.0" encoding="UTF-8"?>
<testng-results skipped="0" failed="4" total="17" passed="13">
  <reporter-output>
    <line>
      <![CDATA[There was an issue in finding the webelement, class org.openqa.selenium.By$ByXPathTimed out after 10 seconds waiting for visibility of [[FirefoxDriver: firefox on WINDOWS (960c6d09-97cd-4d32-a88e-180027eab9b0)] -> xpath: //a[(@name = 'qcl[]') and contains(.,'Bengaluru')]]
Build info: version: '2.48.2', revision: '41bccdd10cf2c0560f637404c2d96164b67d9d67', time: '2015-10-09 13:08:06'
System info: host: 'Salmans-PC', ip: '192.168.1.2', os.name: 'Windows 7', os.arch: 'x86', os.version: '6.1', java.version: '1.7.0_79'
Session ID: 960c6d09-97cd-4d32-a88e-180027eab9b0
Driver info: org.openqa.selenium.firefox.FirefoxDriver
Capabilities [{platform=WINDOWS, acceptSslCerts=true, javascriptEnabled=true, cssSelectorsEnabled=true, databaseEnabled=true, browserName=firefox, handlesAlerts=true, nativeEvents=false, webStorageEnabled=true, rotatable=false, locationContextEnabled=true, applicationCacheEnabled=true, takesScreenshot=true, version=39.0}]]]>
    </line>
    <line>
      <![CDATA[There was an issue in finding the webelement, class org.openqa.selenium.By$ByXPathTimed out after 10 seconds waiting for visibility of [[FirefoxDriver: firefox on WINDOWS (960c6d09-97cd-4d32-a88e-180027eab9b0)] -> xpath: //span[(contains(.,'more') and (@head='Location'))]]
Build info: version: '2.48.2', revision: '41bccdd10cf2c0560f637404c2d96164b67d9d67', time: '2015-10-09 13:08:06'
System info: host: 'Salmans-PC', ip: '192.168.1.2', os.name: 'Windows 7', os.arch: 'x86', os.version: '6.1', java.version: '1.7.0_79'
Session ID: 960c6d09-97cd-4d32-a88e-180027eab9b0
Driver info: org.openqa.selenium.firefox.FirefoxDriver
Capabilities [{platform=WINDOWS, acceptSslCerts=true, javascriptEnabled=true, cssSelectorsEnabled=true, databaseEnabled=true, browserName=firefox, handlesAlerts=true, nativeEvents=false, webStorageEnabled=true, rotatable=false, locationContextEnabled=true, applicationCacheEnabled=true, takesScreenshot=true, version=39.0}]]]>
    </line>
    <line>
      <![CDATA[There was an issue in finding the webelement, class org.openqa.selenium.By$ByXPathTimed out after 10 seconds waiting for visibility of [[FirefoxDriver: firefox on WINDOWS (960c6d09-97cd-4d32-a88e-180027eab9b0)] -> xpath: //span[(contains(.,'more') and (@head='Location'))]]
Build info: version: '2.48.2', revision: '41bccdd10cf2c0560f637404c2d96164b67d9d67', time: '2015-10-09 13:08:06'
System info: host: 'Salmans-PC', ip: '192.168.1.2', os.name: 'Windows 7', os.arch: 'x86', os.version: '6.1', java.version: '1.7.0_79'
Session ID: 960c6d09-97cd-4d32-a88e-180027eab9b0
Driver info: org.openqa.selenium.firefox.FirefoxDriver
Capabilities [{platform=WINDOWS, acceptSslCerts=true, javascriptEnabled=true, cssSelectorsEnabled=true, databaseEnabled=true, browserName=firefox, handlesAlerts=true, nativeEvents=false, webStorageEnabled=true, rotatable=false, locationContextEnabled=true, applicationCacheEnabled=true, takesScreenshot=true, version=39.0}]]]>
    </line>
  </reporter-output>
  <suite name="Page Object test example" duration-ms="698575" started-at="2016-03-20T09:47:20Z" finished-at="2016-03-20T09:58:58Z">
    <groups>
    </groups>
    <test name="sample test" duration-ms="698575" started-at="2016-03-20T09:47:20Z" finished-at="2016-03-20T09:58:58Z">
      <class name="com.nk.tests.SearchPageTest">
        <test-method status="PASS" signature="setup(java.lang.String, java.lang.String)[pri:0, instance:com.nk.tests.SearchPageTest@8455dd]" name="setup" is-config="true" duration-ms="31188" started-at="2016-03-20T15:17:20Z" finished-at="2016-03-20T15:17:51Z">
          <params>
            <param index="0">
              <value>
                <![CDATA[FF]]>
              </value>
            </param>
            <param index="1">
              <value>
                <![CDATA[http://www.naukri.com/]]>
              </value>
            </param>
          </params>
          <reporter-output>
          </reporter-output>
        </test-method> <!-- setup -->
        <test-method status="PASS" signature="popUpClose()[pri:0, instance:com.nk.tests.SearchPageTest@8455dd]" name="popUpClose" duration-ms="155" started-at="2016-03-20T15:17:51Z" finished-at="2016-03-20T15:17:51Z">
          <reporter-output>
          </reporter-output>
        </test-method> <!-- popUpClose -->
        <test-method status="PASS" signature="verifySearchSection()[pri:0, instance:com.nk.tests.SearchPageTest@8455dd]" name="verifySearchSection" duration-ms="321" started-at="2016-03-20T15:17:51Z" finished-at="2016-03-20T15:17:51Z">
          <reporter-output>
          </reporter-output>
        </test-method> <!-- verifySearchSection -->
        <test-method status="PASS" signature="verifySearchByLocationField()[pri:0, instance:com.nk.tests.SearchPageTest@8455dd]" name="verifySearchByLocationField" duration-ms="46127" started-at="2016-03-20T15:17:51Z" finished-at="2016-03-20T15:18:38Z">
          <reporter-output>
          </reporter-output>
        </test-method> <!-- verifySearchByLocationField -->
        <test-method status="PASS" signature="verifySearchByExperienceField()[pri:0, instance:com.nk.tests.SearchPageTest@8455dd]" name="verifySearchByExperienceField" duration-ms="99905" started-at="2016-03-20T15:18:38Z" finished-at="2016-03-20T15:20:17Z">
          <reporter-output>
          </reporter-output>
        </test-method> <!-- verifySearchByExperienceField -->
        <test-method status="PASS" signature="verifySearchBySkill()[pri:0, instance:com.nk.tests.SearchPageTest@8455dd]" name="verifySearchBySkill" duration-ms="129082" started-at="2016-03-20T15:20:17Z" finished-at="2016-03-20T15:22:27Z">
          <reporter-output>
          </reporter-output>
        </test-method> <!-- verifySearchBySkill -->
        <test-method status="PASS" signature="verifySearchResultsPage()[pri:0, instance:com.nk.tests.SearchPageTest@8455dd]" name="verifySearchResultsPage" duration-ms="1710" started-at="2016-03-20T15:22:27Z" finished-at="2016-03-20T15:22:28Z">
          <reporter-output>
          </reporter-output>
        </test-method> <!-- verifySearchResultsPage -->
        <test-method status="PASS" signature="verifyRefineResultsSection()[pri:0, instance:com.nk.tests.SearchPageTest@8455dd]" name="verifyRefineResultsSection" duration-ms="1229" started-at="2016-03-20T15:22:28Z" finished-at="2016-03-20T15:22:29Z">
          <reporter-output>
          </reporter-output>
        </test-method> <!-- verifyRefineResultsSection -->
        <test-method status="PASS" signature="verifySearchListingViewResults()[pri:0, instance:com.nk.tests.SearchPageTest@8455dd]" name="verifySearchListingViewResults" duration-ms="8475" started-at="2016-03-20T15:22:29Z" finished-at="2016-03-20T15:22:38Z">
          <reporter-output>
          </reporter-output>
        </test-method> <!-- verifySearchListingViewResults -->
        <test-method status="PASS" signature="verifySearchDetailedViewResults()[pri:0, instance:com.nk.tests.SearchPageTest@8455dd]" name="verifySearchDetailedViewResults" duration-ms="8674" started-at="2016-03-20T15:22:38Z" finished-at="2016-03-20T15:22:47Z">
          <reporter-output>
          </reporter-output>
        </test-method> <!-- verifySearchDetailedViewResults -->
        <test-method status="PASS" signature="verifySearchResultsSection()[pri:0, instance:com.nk.tests.SearchPageTest@8455dd]" name="verifySearchResultsSection" duration-ms="745" started-at="2016-03-20T15:22:47Z" finished-at="2016-03-20T15:22:47Z">
          <reporter-output>
          </reporter-output>
        </test-method> <!-- verifySearchResultsSection -->
        <test-method status="PASS" signature="verifyRefineByFreshness()[pri:0, instance:com.nk.tests.SearchPageTest@8455dd]" name="verifyRefineByFreshness" duration-ms="125558" started-at="2016-03-20T15:22:47Z" finished-at="2016-03-20T15:24:53Z">
          <reporter-output>
          </reporter-output>
        </test-method> <!-- verifyRefineByFreshness -->
        <test-method status="FAIL" signature="verifySearchByLocationSection()[pri:0, instance:com.nk.tests.SearchPageTest@8455dd]" name="verifySearchByLocationSection" duration-ms="12717" started-at="2016-03-20T15:24:53Z" finished-at="2016-03-20T15:25:06Z">
          <exception class="java.lang.StringIndexOutOfBoundsException">
            <message>
              <![CDATA[String index out of range: 8]]>
            </message>
            <full-stacktrace>
              <![CDATA[java.lang.StringIndexOutOfBoundsException: String index out of range: 8
	at java.lang.String.substring(String.java:1907)
	at com.nk.pages.SearchResultPage.getLocationBangaloreSelected(SearchResultPage.java:1458)
	at com.nk.tests.SearchPageTest.verifySearchByLocationSection(SearchPageTest.java:198)
	at sun.reflect.NativeMethodAccessorImpl.invoke0(Native Method)
	at sun.reflect.NativeMethodAccessorImpl.invoke(NativeMethodAccessorImpl.java:57)
	at sun.reflect.DelegatingMethodAccessorImpl.invoke(DelegatingMethodAccessorImpl.java:43)
	at java.lang.reflect.Method.invoke(Method.java:606)
	at org.testng.internal.MethodInvocationHelper.invokeMethod(MethodInvocationHelper.java:85)
	at org.testng.internal.Invoker.invokeMethod(Invoker.java:659)
	at org.testng.internal.Invoker.invokeTestMethod(Invoker.java:845)
	at org.testng.internal.Invoker.invokeTestMethods(Invoker.java:1153)
	at org.testng.internal.TestMethodWorker.invokeTestMethods(TestMethodWorker.java:125)
	at org.testng.internal.TestMethodWorker.run(TestMethodWorker.java:108)
	at org.testng.TestRunner.privateRun(TestRunner.java:771)
	at org.testng.TestRunner.run(TestRunner.java:621)
	at org.testng.SuiteRunner.runTest(SuiteRunner.java:357)
	at org.testng.SuiteRunner.runSequentially(SuiteRunner.java:352)
	at org.testng.SuiteRunner.privateRun(SuiteRunner.java:310)
	at org.testng.SuiteRunner.run(SuiteRunner.java:259)
	at org.testng.SuiteRunnerWorker.runSuite(SuiteRunnerWorker.java:52)
	at org.testng.SuiteRunnerWorker.run(SuiteRunnerWorker.java:86)
	at org.testng.TestNG.runSuitesSequentially(TestNG.java:1199)
	at org.testng.TestNG.runSuitesLocally(TestNG.java:1124)
	at org.testng.TestNG.run(TestNG.java:1032)
	at org.apache.maven.surefire.testng.TestNGExecutor.run(TestNGExecutor.java:74)
	at org.apache.maven.surefire.testng.TestNGXmlTestSuite.execute(TestNGXmlTestSuite.java:92)
	at org.apache.maven.surefire.Surefire.run(Surefire.java:180)
	at sun.reflect.NativeMethodAccessorImpl.invoke0(Native Method)
	at sun.reflect.NativeMethodAccessorImpl.invoke(NativeMethodAccessorImpl.java:57)
	at sun.reflect.DelegatingMethodAccessorImpl.invoke(DelegatingMethodAccessorImpl.java:43)
	at java.lang.reflect.Method.invoke(Method.java:606)
	at org.apache.maven.surefire.booter.SurefireBooter.runSuitesInProcess(SurefireBooter.java:350)
	at org.apache.maven.surefire.booter.SurefireBooter.main(SurefireBooter.java:1021)
]]>
            </full-stacktrace>
          </exception> <!-- java.lang.StringIndexOutOfBoundsException -->
          <reporter-output>
            <line>
              <![CDATA[There was an issue in finding the webelement, class org.openqa.selenium.By$ByXPathTimed out after 10 seconds waiting for visibility of [[FirefoxDriver: firefox on WINDOWS (960c6d09-97cd-4d32-a88e-180027eab9b0)] -> xpath: //a[(@name = 'qcl[]') and contains(.,'Bengaluru')]]
Build info: version: '2.48.2', revision: '41bccdd10cf2c0560f637404c2d96164b67d9d67', time: '2015-10-09 13:08:06'
System info: host: 'Salmans-PC', ip: '192.168.1.2', os.name: 'Windows 7', os.arch: 'x86', os.version: '6.1', java.version: '1.7.0_79'
Session ID: 960c6d09-97cd-4d32-a88e-180027eab9b0
Driver info: org.openqa.selenium.firefox.FirefoxDriver
Capabilities [{platform=WINDOWS, acceptSslCerts=true, javascriptEnabled=true, cssSelectorsEnabled=true, databaseEnabled=true, browserName=firefox, handlesAlerts=true, nativeEvents=false, webStorageEnabled=true, rotatable=false, locationContextEnabled=true, applicationCacheEnabled=true, takesScreenshot=true, version=39.0}]]]>
            </line>
          </reporter-output>
        </test-method> <!-- verifySearchByLocationSection -->
        <test-method status="FAIL" signature="verifyRefineByLocationPopUp()[pri:0, instance:com.nk.tests.SearchPageTest@8455dd]" name="verifyRefineByLocationPopUp" duration-ms="41997" started-at="2016-03-20T15:25:06Z" finished-at="2016-03-20T15:25:48Z">
          <exception class="java.lang.AssertionError">
            <message>
              <![CDATA[Location Displayed does not match with the location selected expected [true] but found [false]]]>
            </message>
            <full-stacktrace>
              <![CDATA[java.lang.AssertionError: Location Displayed does not match with the location selected expected [true] but found [false]
	at org.testng.Assert.fail(Assert.java:94)
	at org.testng.Assert.failNotEquals(Assert.java:496)
	at org.testng.Assert.assertTrue(Assert.java:42)
	at com.nk.pages.SearchResultPage.verifyDisplayedJobLocations(SearchResultPage.java:2030)
	at com.nk.tests.SearchPageTest.verifyRefineByLocationPopUp(SearchPageTest.java:184)
	at sun.reflect.NativeMethodAccessorImpl.invoke0(Native Method)
	at sun.reflect.NativeMethodAccessorImpl.invoke(NativeMethodAccessorImpl.java:57)
	at sun.reflect.DelegatingMethodAccessorImpl.invoke(DelegatingMethodAccessorImpl.java:43)
	at java.lang.reflect.Method.invoke(Method.java:606)
	at org.testng.internal.MethodInvocationHelper.invokeMethod(MethodInvocationHelper.java:85)
	at org.testng.internal.Invoker.invokeMethod(Invoker.java:659)
	at org.testng.internal.Invoker.invokeTestMethod(Invoker.java:845)
	at org.testng.internal.Invoker.invokeTestMethods(Invoker.java:1153)
	at org.testng.internal.TestMethodWorker.invokeTestMethods(TestMethodWorker.java:125)
	at org.testng.internal.TestMethodWorker.run(TestMethodWorker.java:108)
	at org.testng.TestRunner.privateRun(TestRunner.java:771)
	at org.testng.TestRunner.run(TestRunner.java:621)
	at org.testng.SuiteRunner.runTest(SuiteRunner.java:357)
	at org.testng.SuiteRunner.runSequentially(SuiteRunner.java:352)
	at org.testng.SuiteRunner.privateRun(SuiteRunner.java:310)
	at org.testng.SuiteRunner.run(SuiteRunner.java:259)
	at org.testng.SuiteRunnerWorker.runSuite(SuiteRunnerWorker.java:52)
	at org.testng.SuiteRunnerWorker.run(SuiteRunnerWorker.java:86)
	at org.testng.TestNG.runSuitesSequentially(TestNG.java:1199)
	at org.testng.TestNG.runSuitesLocally(TestNG.java:1124)
	at org.testng.TestNG.run(TestNG.java:1032)
	at org.apache.maven.surefire.testng.TestNGExecutor.run(TestNGExecutor.java:74)
	at org.apache.maven.surefire.testng.TestNGXmlTestSuite.execute(TestNGXmlTestSuite.java:92)
	at org.apache.maven.surefire.Surefire.run(Surefire.java:180)
	at sun.reflect.NativeMethodAccessorImpl.invoke0(Native Method)
	at sun.reflect.NativeMethodAccessorImpl.invoke(NativeMethodAccessorImpl.java:57)
	at sun.reflect.DelegatingMethodAccessorImpl.invoke(DelegatingMethodAccessorImpl.java:43)
	at java.lang.reflect.Method.invoke(Method.java:606)
	at org.apache.maven.surefire.booter.SurefireBooter.runSuitesInProcess(SurefireBooter.java:350)
	at org.apache.maven.surefire.booter.SurefireBooter.main(SurefireBooter.java:1021)
]]>
            </full-stacktrace>
          </exception> <!-- java.lang.AssertionError -->
          <reporter-output>
            <line>
              <![CDATA[There was an issue in finding the webelement, class org.openqa.selenium.By$ByXPathTimed out after 10 seconds waiting for visibility of [[FirefoxDriver: firefox on WINDOWS (960c6d09-97cd-4d32-a88e-180027eab9b0)] -> xpath: //span[(contains(.,'more') and (@head='Location'))]]
Build info: version: '2.48.2', revision: '41bccdd10cf2c0560f637404c2d96164b67d9d67', time: '2015-10-09 13:08:06'
System info: host: 'Salmans-PC', ip: '192.168.1.2', os.name: 'Windows 7', os.arch: 'x86', os.version: '6.1', java.version: '1.7.0_79'
Session ID: 960c6d09-97cd-4d32-a88e-180027eab9b0
Driver info: org.openqa.selenium.firefox.FirefoxDriver
Capabilities [{platform=WINDOWS, acceptSslCerts=true, javascriptEnabled=true, cssSelectorsEnabled=true, databaseEnabled=true, browserName=firefox, handlesAlerts=true, nativeEvents=false, webStorageEnabled=true, rotatable=false, locationContextEnabled=true, applicationCacheEnabled=true, takesScreenshot=true, version=39.0}]]]>
            </line>
            <line>
              <![CDATA[There was an issue in finding the webelement, class org.openqa.selenium.By$ByXPathTimed out after 10 seconds waiting for visibility of [[FirefoxDriver: firefox on WINDOWS (960c6d09-97cd-4d32-a88e-180027eab9b0)] -> xpath: //span[(contains(.,'more') and (@head='Location'))]]
Build info: version: '2.48.2', revision: '41bccdd10cf2c0560f637404c2d96164b67d9d67', time: '2015-10-09 13:08:06'
System info: host: 'Salmans-PC', ip: '192.168.1.2', os.name: 'Windows 7', os.arch: 'x86', os.version: '6.1', java.version: '1.7.0_79'
Session ID: 960c6d09-97cd-4d32-a88e-180027eab9b0
Driver info: org.openqa.selenium.firefox.FirefoxDriver
Capabilities [{platform=WINDOWS, acceptSslCerts=true, javascriptEnabled=true, cssSelectorsEnabled=true, databaseEnabled=true, browserName=firefox, handlesAlerts=true, nativeEvents=false, webStorageEnabled=true, rotatable=false, locationContextEnabled=true, applicationCacheEnabled=true, takesScreenshot=true, version=39.0}]]]>
            </line>
          </reporter-output>
        </test-method> <!-- verifyRefineByLocationPopUp -->
        <test-method status="PASS" signature="verifyRefineByIndustryType()[pri:0, instance:com.nk.tests.SearchPageTest@8455dd]" name="verifyRefineByIndustryType" duration-ms="154463" started-at="2016-03-20T15:25:48Z" finished-at="2016-03-20T15:28:22Z">
          <reporter-output>
          </reporter-output>
        </test-method> <!-- verifyRefineByIndustryType -->
        <test-method status="FAIL" signature="verifyRefineByIndustryPopUp()[pri:0, instance:com.nk.tests.SearchPageTest@8455dd]" name="verifyRefineByIndustryPopUp" duration-ms="3747" started-at="2016-03-20T15:28:22Z" finished-at="2016-03-20T15:28:26Z">
          <exception class="java.lang.AssertionError">
            <message>
              <![CDATA[The PopUp Titles doesnot match expected [Industry] but found []]]>
            </message>
            <full-stacktrace>
              <![CDATA[java.lang.AssertionError: The PopUp Titles doesnot match expected [Industry] but found []
	at org.testng.Assert.fail(Assert.java:94)
	at org.testng.Assert.failNotEquals(Assert.java:496)
	at org.testng.Assert.assertEquals(Assert.java:125)
	at org.testng.Assert.assertEquals(Assert.java:178)
	at com.nk.pages.SearchResultPage.verifyPopUpHeaderTitle(SearchResultPage.java:811)
	at com.nk.tests.SearchPageTest.verifyRefineByIndustryPopUp(SearchPageTest.java:117)
	at sun.reflect.NativeMethodAccessorImpl.invoke0(Native Method)
	at sun.reflect.NativeMethodAccessorImpl.invoke(NativeMethodAccessorImpl.java:57)
	at sun.reflect.DelegatingMethodAccessorImpl.invoke(DelegatingMethodAccessorImpl.java:43)
	at java.lang.reflect.Method.invoke(Method.java:606)
	at org.testng.internal.MethodInvocationHelper.invokeMethod(MethodInvocationHelper.java:85)
	at org.testng.internal.Invoker.invokeMethod(Invoker.java:659)
	at org.testng.internal.Invoker.invokeTestMethod(Invoker.java:845)
	at org.testng.internal.Invoker.invokeTestMethods(Invoker.java:1153)
	at org.testng.internal.TestMethodWorker.invokeTestMethods(TestMethodWorker.java:125)
	at org.testng.internal.TestMethodWorker.run(TestMethodWorker.java:108)
	at org.testng.TestRunner.privateRun(TestRunner.java:771)
	at org.testng.TestRunner.run(TestRunner.java:621)
	at org.testng.SuiteRunner.runTest(SuiteRunner.java:357)
	at org.testng.SuiteRunner.runSequentially(SuiteRunner.java:352)
	at org.testng.SuiteRunner.privateRun(SuiteRunner.java:310)
	at org.testng.SuiteRunner.run(SuiteRunner.java:259)
	at org.testng.SuiteRunnerWorker.runSuite(SuiteRunnerWorker.java:52)
	at org.testng.SuiteRunnerWorker.run(SuiteRunnerWorker.java:86)
	at org.testng.TestNG.runSuitesSequentially(TestNG.java:1199)
	at org.testng.TestNG.runSuitesLocally(TestNG.java:1124)
	at org.testng.TestNG.run(TestNG.java:1032)
	at org.apache.maven.surefire.testng.TestNGExecutor.run(TestNGExecutor.java:74)
	at org.apache.maven.surefire.testng.TestNGXmlTestSuite.execute(TestNGXmlTestSuite.java:92)
	at org.apache.maven.surefire.Surefire.run(Surefire.java:180)
	at sun.reflect.NativeMethodAccessorImpl.invoke0(Native Method)
	at sun.reflect.NativeMethodAccessorImpl.invoke(NativeMethodAccessorImpl.java:57)
	at sun.reflect.DelegatingMethodAccessorImpl.invoke(DelegatingMethodAccessorImpl.java:43)
	at java.lang.reflect.Method.invoke(Method.java:606)
	at org.apache.maven.surefire.booter.SurefireBooter.runSuitesInProcess(SurefireBooter.java:350)
	at org.apache.maven.surefire.booter.SurefireBooter.main(SurefireBooter.java:1021)
]]>
            </full-stacktrace>
          </exception> <!-- java.lang.AssertionError -->
          <reporter-output>
          </reporter-output>
        </test-method> <!-- verifyRefineByIndustryPopUp -->
        <test-method status="PASS" signature="verifyRefineByEducation()[pri:0, instance:com.nk.tests.SearchPageTest@8455dd]" name="verifyRefineByEducation" duration-ms="26514" started-at="2016-03-20T15:28:26Z" finished-at="2016-03-20T15:28:52Z">
          <reporter-output>
          </reporter-output>
        </test-method> <!-- verifyRefineByEducation -->
        <test-method status="FAIL" signature="verifyRefineByEducationPopUp()[pri:0, instance:com.nk.tests.SearchPageTest@8455dd]" name="verifyRefineByEducationPopUp" duration-ms="4248" started-at="2016-03-20T15:28:52Z" finished-at="2016-03-20T15:28:57Z">
          <exception class="java.lang.AssertionError">
            <message>
              <![CDATA[The PopUp Titles doesnot match expected [Education] but found []]]>
            </message>
            <full-stacktrace>
              <![CDATA[java.lang.AssertionError: The PopUp Titles doesnot match expected [Education] but found []
	at org.testng.Assert.fail(Assert.java:94)
	at org.testng.Assert.failNotEquals(Assert.java:496)
	at org.testng.Assert.assertEquals(Assert.java:125)
	at org.testng.Assert.assertEquals(Assert.java:178)
	at com.nk.pages.SearchResultPage.verifyPopUpHeaderTitle(SearchResultPage.java:811)
	at com.nk.tests.SearchPageTest.verifyRefineByEducationPopUp(SearchPageTest.java:143)
	at sun.reflect.NativeMethodAccessorImpl.invoke0(Native Method)
	at sun.reflect.NativeMethodAccessorImpl.invoke(NativeMethodAccessorImpl.java:57)
	at sun.reflect.DelegatingMethodAccessorImpl.invoke(DelegatingMethodAccessorImpl.java:43)
	at java.lang.reflect.Method.invoke(Method.java:606)
	at org.testng.internal.MethodInvocationHelper.invokeMethod(MethodInvocationHelper.java:85)
	at org.testng.internal.Invoker.invokeMethod(Invoker.java:659)
	at org.testng.internal.Invoker.invokeTestMethod(Invoker.java:845)
	at org.testng.internal.Invoker.invokeTestMethods(Invoker.java:1153)
	at org.testng.internal.TestMethodWorker.invokeTestMethods(TestMethodWorker.java:125)
	at org.testng.internal.TestMethodWorker.run(TestMethodWorker.java:108)
	at org.testng.TestRunner.privateRun(TestRunner.java:771)
	at org.testng.TestRunner.run(TestRunner.java:621)
	at org.testng.SuiteRunner.runTest(SuiteRunner.java:357)
	at org.testng.SuiteRunner.runSequentially(SuiteRunner.java:352)
	at org.testng.SuiteRunner.privateRun(SuiteRunner.java:310)
	at org.testng.SuiteRunner.run(SuiteRunner.java:259)
	at org.testng.SuiteRunnerWorker.runSuite(SuiteRunnerWorker.java:52)
	at org.testng.SuiteRunnerWorker.run(SuiteRunnerWorker.java:86)
	at org.testng.TestNG.runSuitesSequentially(TestNG.java:1199)
	at org.testng.TestNG.runSuitesLocally(TestNG.java:1124)
	at org.testng.TestNG.run(TestNG.java:1032)
	at org.apache.maven.surefire.testng.TestNGExecutor.run(TestNGExecutor.java:74)
	at org.apache.maven.surefire.testng.TestNGXmlTestSuite.execute(TestNGXmlTestSuite.java:92)
	at org.apache.maven.surefire.Surefire.run(Surefire.java:180)
	at sun.reflect.NativeMethodAccessorImpl.invoke0(Native Method)
	at sun.reflect.NativeMethodAccessorImpl.invoke(NativeMethodAccessorImpl.java:57)
	at sun.reflect.DelegatingMethodAccessorImpl.invoke(DelegatingMethodAccessorImpl.java:43)
	at java.lang.reflect.Method.invoke(Method.java:606)
	at org.apache.maven.surefire.booter.SurefireBooter.runSuitesInProcess(SurefireBooter.java:350)
	at org.apache.maven.surefire.booter.SurefireBooter.main(SurefireBooter.java:1021)
]]>
            </full-stacktrace>
          </exception> <!-- java.lang.AssertionError -->
          <reporter-output>
          </reporter-output>
        </test-method> <!-- verifyRefineByEducationPopUp -->
        <test-method status="PASS" signature="tearDown()[pri:0, instance:com.nk.tests.SearchPageTest@8455dd]" name="tearDown" is-config="true" duration-ms="1676" started-at="2016-03-20T15:28:57Z" finished-at="2016-03-20T15:28:58Z">
          <reporter-output>
          </reporter-output>
        </test-method> <!-- tearDown -->
      </class> <!-- com.nk.tests.SearchPageTest -->
    </test> <!-- sample test -->
  </suite> <!-- Page Object test example -->
</testng-results>
